2015-05-31 14:47:53,778 INFO (ClockThread): Retrieved time from system: 2015-05-31T14:47:53.520+02:00
2015-05-31 14:48:44,779 INFO (ClockThread): Retrieved time from system: 2015-05-31T14:48:44.637+02:00
2015-05-31 14:49:18,831 INFO (ClockThread): Retrieved time from system: 2015-05-31T14:49:18.648+02:00
2015-05-31 14:49:59,148 INFO (ClockThread): Retrieved time from system: 2015-05-31T14:49:58.959+02:00
2015-05-31 14:49:59,656 INFO (ClockThread): Retrieved time from system: 2015-05-31T14:49:59.656+02:00
2015-05-31 14:50:00,162 INFO (ClockThread): Retrieved time from system: 2015-05-31T14:50:00.162+02:00
2015-05-31 14:50:00,664 INFO (ClockThread): Retrieved time from system: 2015-05-31T14:50:00.664+02:00
2015-05-31 14:50:01,165 INFO (ClockThread): Retrieved time from system: 2015-05-31T14:50:01.165+02:00
2015-05-31 14:50:01,670 INFO (ClockThread): Retrieved time from system: 2015-05-31T14:50:01.670+02:00
2015-05-31 14:50:02,176 INFO (ClockThread): Retrieved time from system: 2015-05-31T14:50:02.176+02:00
2015-05-31 14:50:02,681 INFO (ClockThread): Retrieved time from system: 2015-05-31T14:50:02.681+02:00
2015-05-31 14:50:03,186 INFO (ClockThread): Retrieved time from system: 2015-05-31T14:50:03.186+02:00
2015-05-31 14:50:03,686 INFO (ClockThread): Retrieved time from system: 2015-05-31T14:50:03.686+02:00
2015-05-31 14:50:04,186 INFO (ClockThread): Retrieved time from system: 2015-05-31T14:50:04.186+02:00
2015-05-31 14:50:04,701 INFO (ClockThread): Retrieved time from system: 2015-05-31T14:50:04.701+02:00
2015-05-31 14:50:05,203 INFO (ClockThread): Retrieved time from system: 2015-05-31T14:50:05.203+02:00
2015-05-31 14:50:05,706 INFO (ClockThread): Retrieved time from system: 2015-05-31T14:50:05.706+02:00
2015-05-31 14:50:06,213 INFO (ClockThread): Retrieved time from system: 2015-05-31T14:50:06.213+02:00
2015-05-31 14:50:06,717 INFO (ClockThread): Retrieved time from system: 2015-05-31T14:50:06.717+02:00
2015-05-31 14:50:07,227 INFO (ClockThread): Retrieved time from system: 2015-05-31T14:50:07.227+02:00
2015-05-31 14:50:07,736 INFO (ClockThread): Retrieved time from system: 2015-05-31T14:50:07.736+02:00
2015-05-31 14:50:08,251 INFO (ClockThread): Retrieved time from system: 2015-05-31T14:50:08.251+02:00
2015-05-31 14:50:08,761 INFO (ClockThread): Retrieved time from system: 2015-05-31T14:50:08.761+02:00
2015-05-31 14:50:09,268 INFO (ClockThread): Retrieved time from system: 2015-05-31T14:50:09.268+02:00
2015-05-31 14:50:09,776 INFO (ClockThread): Retrieved time from system: 2015-05-31T14:50:09.776+02:00
2015-05-31 14:50:10,277 INFO (ClockThread): Retrieved time from system: 2015-05-31T14:50:10.277+02:00
2015-05-31 14:50:10,788 INFO (ClockThread): Retrieved time from system: 2015-05-31T14:50:10.788+02:00
2015-05-31 14:50:11,302 INFO (ClockThread): Retrieved time from system: 2015-05-31T14:50:11.302+02:00
2015-05-31 14:50:17,444 INFO (ClockThread): Retrieved time from system: 2015-05-31T14:50:17.252+02:00
2015-05-31 14:50:17,716 INFO (ClockThread): Retrieved time from system: 2015-05-31T14:50:17.716+02:00
2015-05-31 14:50:17,975 INFO (ClockThread): Retrieved time from system: 2015-05-31T14:50:17.975+02:00
2015-05-31 14:50:18,230 INFO (ClockThread): Retrieved time from system: 2015-05-31T14:50:18.230+02:00
2015-05-31 14:50:18,483 INFO (ClockThread): Retrieved time from system: 2015-05-31T14:50:18.483+02:00
2015-05-31 14:50:18,735 INFO (ClockThread): Retrieved time from system: 2015-05-31T14:50:18.735+02:00
2015-05-31 14:50:18,985 INFO (ClockThread): Retrieved time from system: 2015-05-31T14:50:18.985+02:00
2015-05-31 14:50:19,251 INFO (ClockThread): Retrieved time from system: 2015-05-31T14:50:19.251+02:00
2015-05-31 14:50:19,516 INFO (ClockThread): Retrieved time from system: 2015-05-31T14:50:19.516+02:00
2015-05-31 14:50:19,779 INFO (ClockThread): Retrieved time from system: 2015-05-31T14:50:19.779+02:00
2015-05-31 14:50:20,034 INFO (ClockThread): Retrieved time from system: 2015-05-31T14:50:20.034+02:00
2015-05-31 14:50:20,287 INFO (ClockThread): Retrieved time from system: 2015-05-31T14:50:20.287+02:00
2015-05-31 14:50:20,537 INFO (ClockThread): Retrieved time from system: 2015-05-31T14:50:20.537+02:00
2015-05-31 14:50:20,797 INFO (ClockThread): Retrieved time from system: 2015-05-31T14:50:20.797+02:00
2015-05-31 14:50:21,051 INFO (ClockThread): Retrieved time from system: 2015-05-31T14:50:21.051+02:00
2015-05-31 14:50:21,309 INFO (ClockThread): Retrieved time from system: 2015-05-31T14:50:21.309+02:00
2015-05-31 14:50:21,562 INFO (ClockThread): Retrieved time from system: 2015-05-31T14:50:21.562+02:00
2015-05-31 14:50:21,815 INFO (ClockThread): Retrieved time from system: 2015-05-31T14:50:21.815+02:00
2015-05-31 14:50:22,067 INFO (ClockThread): Retrieved time from system: 2015-05-31T14:50:22.067+02:00
2015-05-31 14:50:22,331 INFO (ClockThread): Retrieved time from system: 2015-05-31T14:50:22.331+02:00
2015-05-31 14:50:22,588 INFO (ClockThread): Retrieved time from system: 2015-05-31T14:50:22.588+02:00
2015-05-31 14:50:22,838 INFO (ClockThread): Retrieved time from system: 2015-05-31T14:50:22.838+02:00
2015-05-31 14:50:23,089 INFO (ClockThread): Retrieved time from system: 2015-05-31T14:50:23.089+02:00
2015-05-31 14:50:23,354 INFO (ClockThread): Retrieved time from system: 2015-05-31T14:50:23.354+02:00
2015-05-31 14:50:23,619 INFO (ClockThread): Retrieved time from system: 2015-05-31T14:50:23.619+02:00
2015-05-31 14:50:23,877 INFO (ClockThread): Retrieved time from system: 2015-05-31T14:50:23.877+02:00
2015-05-31 14:50:24,136 INFO (ClockThread): Retrieved time from system: 2015-05-31T14:50:24.136+02:00
2015-05-31 14:50:24,388 INFO (ClockThread): Retrieved time from system: 2015-05-31T14:50:24.388+02:00
2015-05-31 14:50:24,641 INFO (ClockThread): Retrieved time from system: 2015-05-31T14:50:24.641+02:00
2015-05-31 14:50:24,894 INFO (ClockThread): Retrieved time from system: 2015-05-31T14:50:24.894+02:00
2015-05-31 14:50:25,148 INFO (ClockThread): Retrieved time from system: 2015-05-31T14:50:25.148+02:00
2015-05-31 14:50:25,400 INFO (ClockThread): Retrieved time from system: 2015-05-31T14:50:25.400+02:00
2015-05-31 14:50:25,656 INFO (ClockThread): Retrieved time from system: 2015-05-31T14:50:25.656+02:00
2015-05-31 14:50:25,919 INFO (ClockThread): Retrieved time from system: 2015-05-31T14:50:25.919+02:00
2015-05-31 14:50:26,172 INFO (ClockThread): Retrieved time from system: 2015-05-31T14:50:26.172+02:00
2015-05-31 14:54:59,682 INFO (ClockThread): Retrieved time from system: 2015-05-31T14:54:59.460+02:00
2015-05-31 14:54:59,933 INFO (ClockThread): Retrieved time from system: 2015-05-31T14:54:59.933+02:00
2015-05-31 14:55:00,184 INFO (ClockThread): Retrieved time from system: 2015-05-31T14:55:00.184+02:00
2015-05-31 14:55:00,439 INFO (ClockThread): Retrieved time from system: 2015-05-31T14:55:00.439+02:00
2015-05-31 14:55:00,690 INFO (ClockThread): Retrieved time from system: 2015-05-31T14:55:00.690+02:00
2015-05-31 14:55:00,945 INFO (ClockThread): Retrieved time from system: 2015-05-31T14:55:00.945+02:00
2015-05-31 14:55:01,195 INFO (ClockThread): Retrieved time from system: 2015-05-31T14:55:01.195+02:00
2015-05-31 14:55:01,454 INFO (ClockThread): Retrieved time from system: 2015-05-31T14:55:01.454+02:00
2015-05-31 14:55:01,705 INFO (ClockThread): Retrieved time from system: 2015-05-31T14:55:01.705+02:00
2015-05-31 14:55:01,969 INFO (ClockThread): Retrieved time from system: 2015-05-31T14:55:01.969+02:00
2015-05-31 14:55:02,226 INFO (ClockThread): Retrieved time from system: 2015-05-31T14:55:02.226+02:00
2015-05-31 14:55:02,479 INFO (ClockThread): Retrieved time from system: 2015-05-31T14:55:02.479+02:00
2015-05-31 14:55:02,731 INFO (ClockThread): Retrieved time from system: 2015-05-31T14:55:02.731+02:00
2015-05-31 15:13:23,617 INFO (ClockThread): Retrieved time from system: 2015-05-31T15:13:23.570+02:00
2015-05-31 15:13:23,882 INFO (ClockThread): Retrieved time from system: 2015-05-31T15:13:23.882+02:00
2015-05-31 15:13:24,132 INFO (ClockThread): Retrieved time from system: 2015-05-31T15:13:24.132+02:00
2015-05-31 15:13:24,383 INFO (ClockThread): Retrieved time from system: 2015-05-31T15:13:24.383+02:00
2015-05-31 15:13:24,633 INFO (ClockThread): Retrieved time from system: 2015-05-31T15:13:24.633+02:00
2015-05-31 15:13:24,886 INFO (ClockThread): Retrieved time from system: 2015-05-31T15:13:24.886+02:00
2015-05-31 15:13:25,136 INFO (ClockThread): Retrieved time from system: 2015-05-31T15:13:25.136+02:00
2015-05-31 15:13:25,401 INFO (ClockThread): Retrieved time from system: 2015-05-31T15:13:25.401+02:00
2015-05-31 15:13:25,660 INFO (ClockThread): Retrieved time from system: 2015-05-31T15:13:25.660+02:00
2015-05-31 15:13:25,916 INFO (ClockThread): Retrieved time from system: 2015-05-31T15:13:25.916+02:00
2015-05-31 15:13:26,166 INFO (ClockThread): Retrieved time from system: 2015-05-31T15:13:26.166+02:00
2015-05-31 15:13:26,430 INFO (ClockThread): Retrieved time from system: 2015-05-31T15:13:26.430+02:00
2015-05-31 15:14:05,617 INFO (ClockThread): Retrieved time from system: 2015-05-31T15:14:05.586+02:00
2015-05-31 15:14:05,879 INFO (ClockThread): Retrieved time from system: 2015-05-31T15:14:05.879+02:00
2015-05-31 15:14:06,132 INFO (ClockThread): Retrieved time from system: 2015-05-31T15:14:06.132+02:00
2015-05-31 15:14:06,396 INFO (ClockThread): Retrieved time from system: 2015-05-31T15:14:06.396+02:00
2015-05-31 15:14:06,647 INFO (ClockThread): Retrieved time from system: 2015-05-31T15:14:06.647+02:00
2015-05-31 15:14:06,903 INFO (ClockThread): Retrieved time from system: 2015-05-31T15:14:06.903+02:00
2015-05-31 15:14:07,155 INFO (ClockThread): Retrieved time from system: 2015-05-31T15:14:07.155+02:00
2015-05-31 15:14:07,419 INFO (ClockThread): Retrieved time from system: 2015-05-31T15:14:07.419+02:00
2015-05-31 15:14:07,670 INFO (ClockThread): Retrieved time from system: 2015-05-31T15:14:07.670+02:00
2015-05-31 15:14:07,921 INFO (ClockThread): Retrieved time from system: 2015-05-31T15:14:07.921+02:00
2015-05-31 15:16:23,153 INFO (ClockThread): Retrieved time from system: 2015-05-31T15:16:23.131+02:00
2015-05-31 15:16:23,411 INFO (ClockThread): Retrieved time from system: 2015-05-31T15:16:23.411+02:00
2015-05-31 15:16:23,676 INFO (ClockThread): Retrieved time from system: 2015-05-31T15:16:23.676+02:00
2015-05-31 15:16:23,929 INFO (ClockThread): Retrieved time from system: 2015-05-31T15:16:23.929+02:00
2015-05-31 15:16:24,184 INFO (ClockThread): Retrieved time from system: 2015-05-31T15:16:24.184+02:00
2015-05-31 15:16:24,435 INFO (ClockThread): Retrieved time from system: 2015-05-31T15:16:24.435+02:00
2015-05-31 15:16:24,694 INFO (ClockThread): Retrieved time from system: 2015-05-31T15:16:24.694+02:00
2015-05-31 15:16:24,951 INFO (ClockThread): Retrieved time from system: 2015-05-31T15:16:24.951+02:00
2015-05-31 15:16:25,210 INFO (ClockThread): Retrieved time from system: 2015-05-31T15:16:25.210+02:00
2015-05-31 15:16:25,468 INFO (ClockThread): Retrieved time from system: 2015-05-31T15:16:25.468+02:00
2015-05-31 15:16:25,725 INFO (ClockThread): Retrieved time from system: 2015-05-31T15:16:25.725+02:00
2015-05-31 15:16:25,977 INFO (ClockThread): Retrieved time from system: 2015-05-31T15:16:25.977+02:00
2015-05-31 15:16:26,232 INFO (ClockThread): Retrieved time from system: 2015-05-31T15:16:26.232+02:00
2015-05-31 15:16:26,488 INFO (ClockThread): Retrieved time from system: 2015-05-31T15:16:26.488+02:00
2015-05-31 15:16:26,743 INFO (ClockThread): Retrieved time from system: 2015-05-31T15:16:26.743+02:00
2015-05-31 15:16:27,000 INFO (ClockThread): Retrieved time from system: 2015-05-31T15:16:27.000+02:00
2015-05-31 15:17:24,199 INFO (ClockThread): Retrieved time from system: 2015-05-31T15:17:24.152+02:00
2015-05-31 15:17:24,199 INFO (ClockThread): Received DateTimeEvent. Repainting.
2015-05-31 15:17:24,453 INFO (ClockThread): Retrieved time from system: 2015-05-31T15:17:24.453+02:00
2015-05-31 15:17:24,453 INFO (ClockThread): Received DateTimeEvent. Repainting.
2015-05-31 15:17:24,707 INFO (ClockThread): Retrieved time from system: 2015-05-31T15:17:24.707+02:00
2015-05-31 15:17:24,707 INFO (ClockThread): Received DateTimeEvent. Repainting.
2015-05-31 15:17:24,962 INFO (ClockThread): Retrieved time from system: 2015-05-31T15:17:24.962+02:00
2015-05-31 15:17:24,962 INFO (ClockThread): Received DateTimeEvent. Repainting.
2015-05-31 15:17:25,214 INFO (ClockThread): Retrieved time from system: 2015-05-31T15:17:25.214+02:00
2015-05-31 15:17:25,215 INFO (ClockThread): Received DateTimeEvent. Repainting.
2015-05-31 15:17:25,480 INFO (ClockThread): Retrieved time from system: 2015-05-31T15:17:25.480+02:00
2015-05-31 15:17:25,480 INFO (ClockThread): Received DateTimeEvent. Repainting.
2015-05-31 15:17:25,731 INFO (ClockThread): Retrieved time from system: 2015-05-31T15:17:25.731+02:00
2015-05-31 15:17:25,731 INFO (ClockThread): Received DateTimeEvent. Repainting.
2015-05-31 15:17:25,990 INFO (ClockThread): Retrieved time from system: 2015-05-31T15:17:25.990+02:00
2015-05-31 15:17:25,990 INFO (ClockThread): Received DateTimeEvent. Repainting.
2015-05-31 15:17:26,242 INFO (ClockThread): Retrieved time from system: 2015-05-31T15:17:26.242+02:00
2015-05-31 15:17:26,242 INFO (ClockThread): Received DateTimeEvent. Repainting.
2015-05-31 15:17:26,494 INFO (ClockThread): Retrieved time from system: 2015-05-31T15:17:26.494+02:00
2015-05-31 15:17:26,494 INFO (ClockThread): Received DateTimeEvent. Repainting.
2015-05-31 15:17:26,755 INFO (ClockThread): Retrieved time from system: 2015-05-31T15:17:26.755+02:00
2015-05-31 15:17:26,755 INFO (ClockThread): Received DateTimeEvent. Repainting.
2015-05-31 15:17:27,010 INFO (ClockThread): Retrieved time from system: 2015-05-31T15:17:27.010+02:00
2015-05-31 15:17:27,010 INFO (ClockThread): Received DateTimeEvent. Repainting.
2015-05-31 15:17:27,268 INFO (ClockThread): Retrieved time from system: 2015-05-31T15:17:27.268+02:00
2015-05-31 15:17:27,268 INFO (ClockThread): Received DateTimeEvent. Repainting.
2015-05-31 15:17:27,526 INFO (ClockThread): Retrieved time from system: 2015-05-31T15:17:27.526+02:00
2015-05-31 15:17:27,526 INFO (ClockThread): Received DateTimeEvent. Repainting.
2015-05-31 15:17:27,784 INFO (ClockThread): Retrieved time from system: 2015-05-31T15:17:27.784+02:00
2015-05-31 15:17:27,784 INFO (ClockThread): Received DateTimeEvent. Repainting.
2015-05-31 15:17:28,040 INFO (ClockThread): Retrieved time from system: 2015-05-31T15:17:28.040+02:00
2015-05-31 15:17:28,040 INFO (ClockThread): Received DateTimeEvent. Repainting.
2015-05-31 15:17:28,293 INFO (ClockThread): Retrieved time from system: 2015-05-31T15:17:28.293+02:00
2015-05-31 15:17:28,293 INFO (ClockThread): Received DateTimeEvent. Repainting.
2015-05-31 15:17:28,547 INFO (ClockThread): Retrieved time from system: 2015-05-31T15:17:28.547+02:00
2015-05-31 15:17:28,547 INFO (ClockThread): Received DateTimeEvent. Repainting.
2015-05-31 15:17:28,801 INFO (ClockThread): Retrieved time from system: 2015-05-31T15:17:28.801+02:00
2015-05-31 15:17:28,801 INFO (ClockThread): Received DateTimeEvent. Repainting.
2015-05-31 15:17:29,053 INFO (ClockThread): Retrieved time from system: 2015-05-31T15:17:29.053+02:00
2015-05-31 15:17:29,053 INFO (ClockThread): Received DateTimeEvent. Repainting.
2015-05-31 15:17:29,313 INFO (ClockThread): Retrieved time from system: 2015-05-31T15:17:29.313+02:00
2015-05-31 15:17:29,313 INFO (ClockThread): Received DateTimeEvent. Repainting.
2015-05-31 15:17:29,568 INFO (ClockThread): Retrieved time from system: 2015-05-31T15:17:29.568+02:00
2015-05-31 15:17:29,568 INFO (ClockThread): Received DateTimeEvent. Repainting.
2015-05-31 15:17:29,829 INFO (ClockThread): Retrieved time from system: 2015-05-31T15:17:29.829+02:00
2015-05-31 15:17:29,829 INFO (ClockThread): Received DateTimeEvent. Repainting.
2015-05-31 15:18:13,143 INFO (ClockThread): Retrieved time from system: 2015-05-31T15:18:13.111+02:00
2015-05-31 15:18:13,143 INFO (ClockThread): Received DateTimeEvent. Repainting.
2015-05-31 15:18:13,396 INFO (ClockThread): Retrieved time from system: 2015-05-31T15:18:13.396+02:00
2015-05-31 15:18:13,649 INFO (ClockThread): Retrieved time from system: 2015-05-31T15:18:13.649+02:00
2015-05-31 15:18:13,911 INFO (ClockThread): Retrieved time from system: 2015-05-31T15:18:13.911+02:00
2015-05-31 15:18:14,166 INFO (ClockThread): Retrieved time from system: 2015-05-31T15:18:14.166+02:00
2015-05-31 15:18:14,166 INFO (ClockThread): Received DateTimeEvent. Repainting.
2015-05-31 15:18:14,428 INFO (ClockThread): Retrieved time from system: 2015-05-31T15:18:14.428+02:00
2015-05-31 15:18:14,684 INFO (ClockThread): Retrieved time from system: 2015-05-31T15:18:14.684+02:00
2015-05-31 15:18:14,934 INFO (ClockThread): Retrieved time from system: 2015-05-31T15:18:14.934+02:00
2015-05-31 15:18:15,186 INFO (ClockThread): Retrieved time from system: 2015-05-31T15:18:15.186+02:00
2015-05-31 15:18:15,186 INFO (ClockThread): Received DateTimeEvent. Repainting.
2015-05-31 15:18:15,436 INFO (ClockThread): Retrieved time from system: 2015-05-31T15:18:15.436+02:00
2015-05-31 15:18:15,691 INFO (ClockThread): Retrieved time from system: 2015-05-31T15:18:15.691+02:00
2015-05-31 15:18:15,944 INFO (ClockThread): Retrieved time from system: 2015-05-31T15:18:15.944+02:00
2015-05-31 15:18:16,201 INFO (ClockThread): Retrieved time from system: 2015-05-31T15:18:16.201+02:00
2015-05-31 15:18:16,201 INFO (ClockThread): Received DateTimeEvent. Repainting.
2015-05-31 15:18:16,454 INFO (ClockThread): Retrieved time from system: 2015-05-31T15:18:16.454+02:00
2015-05-31 15:18:16,707 INFO (ClockThread): Retrieved time from system: 2015-05-31T15:18:16.707+02:00
2015-05-31 15:18:16,962 INFO (ClockThread): Retrieved time from system: 2015-05-31T15:18:16.962+02:00
2015-05-31 15:18:17,218 INFO (ClockThread): Retrieved time from system: 2015-05-31T15:18:17.218+02:00
2015-05-31 15:18:17,218 INFO (ClockThread): Received DateTimeEvent. Repainting.
2015-05-31 15:18:17,477 INFO (ClockThread): Retrieved time from system: 2015-05-31T15:18:17.477+02:00
2015-05-31 15:18:17,734 INFO (ClockThread): Retrieved time from system: 2015-05-31T15:18:17.734+02:00
2015-05-31 15:18:17,986 INFO (ClockThread): Retrieved time from system: 2015-05-31T15:18:17.986+02:00
2015-05-31 15:18:18,241 INFO (ClockThread): Retrieved time from system: 2015-05-31T15:18:18.241+02:00
2015-05-31 15:18:18,241 INFO (ClockThread): Received DateTimeEvent. Repainting.
2015-05-31 15:18:18,491 INFO (ClockThread): Retrieved time from system: 2015-05-31T15:18:18.491+02:00
2015-05-31 15:18:18,742 INFO (ClockThread): Retrieved time from system: 2015-05-31T15:18:18.742+02:00
2015-05-31 15:18:19,007 INFO (ClockThread): Retrieved time from system: 2015-05-31T15:18:19.007+02:00
2015-05-31 15:18:19,007 INFO (ClockThread): Received DateTimeEvent. Repainting.
2015-05-31 15:18:19,269 INFO (ClockThread): Retrieved time from system: 2015-05-31T15:18:19.269+02:00
2015-05-31 15:18:19,530 INFO (ClockThread): Retrieved time from system: 2015-05-31T15:18:19.530+02:00
2015-05-31 15:18:19,783 INFO (ClockThread): Retrieved time from system: 2015-05-31T15:18:19.783+02:00
2015-05-31 15:18:20,037 INFO (ClockThread): Retrieved time from system: 2015-05-31T15:18:20.037+02:00
2015-05-31 15:18:20,037 INFO (ClockThread): Received DateTimeEvent. Repainting.
2015-05-31 15:18:20,289 INFO (ClockThread): Retrieved time from system: 2015-05-31T15:18:20.289+02:00
2015-05-31 15:18:20,546 INFO (ClockThread): Retrieved time from system: 2015-05-31T15:18:20.546+02:00
2015-05-31 15:18:20,799 INFO (ClockThread): Retrieved time from system: 2015-05-31T15:18:20.799+02:00
2015-05-31 15:18:21,055 INFO (ClockThread): Retrieved time from system: 2015-05-31T15:18:21.055+02:00
2015-05-31 15:18:21,055 INFO (ClockThread): Received DateTimeEvent. Repainting.
2015-05-31 15:18:21,310 INFO (ClockThread): Retrieved time from system: 2015-05-31T15:18:21.310+02:00
2015-05-31 15:18:21,564 INFO (ClockThread): Retrieved time from system: 2015-05-31T15:18:21.564+02:00
2015-05-31 15:18:21,816 INFO (ClockThread): Retrieved time from system: 2015-05-31T15:18:21.816+02:00
2015-05-31 15:18:22,071 INFO (ClockThread): Retrieved time from system: 2015-05-31T15:18:22.071+02:00
2015-05-31 15:18:22,071 INFO (ClockThread): Received DateTimeEvent. Repainting.
2015-05-31 15:18:22,321 INFO (ClockThread): Retrieved time from system: 2015-05-31T15:18:22.321+02:00
2015-05-31 15:18:22,585 INFO (ClockThread): Retrieved time from system: 2015-05-31T15:18:22.585+02:00
2015-05-31 15:18:22,837 INFO (ClockThread): Retrieved time from system: 2015-05-31T15:18:22.837+02:00
2015-05-31 15:18:23,087 INFO (ClockThread): Retrieved time from system: 2015-05-31T15:18:23.087+02:00
2015-05-31 15:18:23,088 INFO (ClockThread): Received DateTimeEvent. Repainting.
2015-05-31 15:18:23,343 INFO (ClockThread): Retrieved time from system: 2015-05-31T15:18:23.343+02:00
2015-05-31 15:18:23,598 INFO (ClockThread): Retrieved time from system: 2015-05-31T15:18:23.598+02:00
2015-05-31 15:18:23,851 INFO (ClockThread): Retrieved time from system: 2015-05-31T15:18:23.851+02:00
2015-05-31 15:18:24,107 INFO (ClockThread): Retrieved time from system: 2015-05-31T15:18:24.107+02:00
2015-05-31 15:18:24,107 INFO (ClockThread): Received DateTimeEvent. Repainting.
2015-05-31 15:18:24,360 INFO (ClockThread): Retrieved time from system: 2015-05-31T15:18:24.360+02:00
2015-05-31 15:18:24,615 INFO (ClockThread): Retrieved time from system: 2015-05-31T15:18:24.615+02:00
2015-05-31 15:18:24,865 INFO (ClockThread): Retrieved time from system: 2015-05-31T15:18:24.865+02:00
2015-05-31 15:18:25,120 INFO (ClockThread): Retrieved time from system: 2015-05-31T15:18:25.120+02:00
2015-05-31 15:18:25,120 INFO (ClockThread): Received DateTimeEvent. Repainting.
2015-05-31 15:18:25,374 INFO (ClockThread): Retrieved time from system: 2015-05-31T15:18:25.374+02:00
2015-05-31 15:18:25,630 INFO (ClockThread): Retrieved time from system: 2015-05-31T15:18:25.630+02:00
2015-05-31 15:18:25,882 INFO (ClockThread): Retrieved time from system: 2015-05-31T15:18:25.882+02:00
2015-05-31 15:18:26,133 INFO (ClockThread): Retrieved time from system: 2015-05-31T15:18:26.133+02:00
2015-05-31 15:18:26,133 INFO (ClockThread): Received DateTimeEvent. Repainting.
2015-05-31 15:18:26,385 INFO (ClockThread): Retrieved time from system: 2015-05-31T15:18:26.385+02:00
2015-05-31 15:41:16,171 INFO (ClockThread): Received DateTimeEvent. Repainting.
2015-05-31 15:41:17,218 INFO (ClockThread): Received DateTimeEvent. Repainting.
2015-05-31 15:41:18,265 INFO (ClockThread): Received DateTimeEvent. Repainting.
2015-05-31 15:41:19,046 INFO (ClockThread): Received DateTimeEvent. Repainting.
2015-05-31 15:43:33,552 INFO (ClockThread): Received DateTimeEvent. Repainting.
2015-05-31 15:43:34,098 INFO (ClockThread): Received DateTimeEvent. Repainting.
2015-05-31 15:43:35,144 INFO (ClockThread): Received DateTimeEvent. Repainting.
2015-05-31 15:51:11,439 INFO (ClockThread): Received DateTimeEvent. Repainting.
2015-05-31 15:51:12,220 INFO (ClockThread): Received DateTimeEvent. Repainting.
2015-05-31 15:51:13,001 INFO (ClockThread): Received DateTimeEvent. Repainting.
2015-05-31 15:51:54,396 INFO (ClockThread): Received DateTimeEvent. Repainting.
2015-05-31 15:51:55,194 INFO (ClockThread): Received DateTimeEvent. Repainting.
2015-05-31 15:51:56,240 INFO (ClockThread): Received DateTimeEvent. Repainting.
2015-05-31 15:51:57,021 INFO (ClockThread): Received DateTimeEvent. Repainting.
2015-05-31 15:51:58,082 INFO (ClockThread): Received DateTimeEvent. Repainting.
2015-05-31 15:51:59,128 INFO (ClockThread): Received DateTimeEvent. Repainting.
2015-05-31 15:52:00,174 INFO (ClockThread): Received DateTimeEvent. Repainting.
2015-05-31 15:52:01,221 INFO (ClockThread): Received DateTimeEvent. Repainting.
2015-05-31 15:52:02,002 INFO (ClockThread): Received DateTimeEvent. Repainting.
2015-05-31 15:52:03,062 INFO (ClockThread): Received DateTimeEvent. Repainting.
2015-05-31 15:52:04,109 INFO (ClockThread): Received DateTimeEvent. Repainting.
2015-05-31 15:52:19,435 INFO (ClockThread): Received DateTimeEvent. Repainting.
2015-05-31 15:52:20,216 INFO (ClockThread): Received DateTimeEvent. Repainting.
2015-05-31 15:52:21,011 INFO (ClockThread): Received DateTimeEvent. Repainting.
2015-05-31 15:52:22,058 INFO (ClockThread): Received DateTimeEvent. Repainting.
2015-05-31 15:52:23,104 INFO (ClockThread): Received DateTimeEvent. Repainting.
2015-05-31 15:52:24,150 INFO (ClockThread): Received DateTimeEvent. Repainting.
2015-05-31 15:52:25,196 INFO (ClockThread): Received DateTimeEvent. Repainting.
2015-05-31 15:52:46,591 INFO (ClockThread): Received DateTimeEvent. Repainting.
2015-05-31 15:52:47,137 INFO (ClockThread): Received DateTimeEvent. Repainting.
2015-05-31 15:52:48,183 INFO (ClockThread): Received DateTimeEvent. Repainting.
2015-05-31 15:52:49,229 INFO (ClockThread): Received DateTimeEvent. Repainting.
2015-05-31 15:53:19,403 INFO (ClockThread): Received DateTimeEvent. Repainting.
2015-05-31 15:53:20,171 INFO (ClockThread): Received DateTimeEvent. Repainting.
2015-05-31 15:53:21,217 INFO (ClockThread): Received DateTimeEvent. Repainting.
2015-05-31 15:54:19,138 INFO (ClockThread): Received DateTimeEvent. Repainting.
2015-05-31 15:54:20,185 INFO (ClockThread): Received DateTimeEvent. Repainting.
2015-05-31 15:54:21,217 INFO (ClockThread): Received DateTimeEvent. Repainting.
2015-05-31 15:54:39,945 INFO (ClockThread): Received DateTimeEvent. Repainting.
2015-05-31 15:54:40,210 INFO (ClockThread): Received DateTimeEvent. Repainting.
2015-05-31 15:54:41,006 INFO (ClockThread): Received DateTimeEvent. Repainting.
2015-05-31 15:57:23,629 INFO (ClockThread): Received DateTimeEvent. Repainting.
2015-05-31 15:57:24,159 INFO (ClockThread): Received DateTimeEvent. Repainting.
2015-05-31 15:57:25,205 INFO (ClockThread): Received DateTimeEvent. Repainting.
2015-05-31 15:58:49,586 INFO (ClockThread): Received DateTimeEvent. Repainting.
2015-05-31 15:58:50,179 INFO (ClockThread): Received DateTimeEvent. Repainting.
2015-05-31 15:58:51,225 INFO (ClockThread): Received DateTimeEvent. Repainting.
2015-05-31 15:58:52,006 INFO (ClockThread): Received DateTimeEvent. Repainting.
2015-05-31 15:58:53,067 INFO (ClockThread): Received DateTimeEvent. Repainting.
2015-05-31 15:58:54,113 INFO (ClockThread): Received DateTimeEvent. Repainting.
2015-05-31 15:58:55,159 INFO (ClockThread): Received DateTimeEvent. Repainting.
2015-05-31 15:58:56,207 INFO (ClockThread): Received DateTimeEvent. Repainting.
2015-05-31 15:59:15,468 INFO (ClockThread): Received DateTimeEvent. Repainting.
2015-05-31 15:59:16,263 INFO (ClockThread): Received DateTimeEvent. Repainting.
2015-05-31 16:02:20,531 INFO (ClockThread): Received DateTimeEvent. Repainting.
2015-05-31 16:02:21,047 INFO (ClockThread): Received DateTimeEvent. Repainting.
2015-05-31 16:02:22,107 INFO (ClockThread): Received DateTimeEvent. Repainting.
2015-05-31 16:02:23,154 INFO (ClockThread): Received DateTimeEvent. Repainting.
2015-05-31 16:02:24,200 INFO (ClockThread): Received DateTimeEvent. Repainting.
2015-05-31 16:03:11,080 INFO (ClockThread): Received DateTimeEvent. Repainting.
2015-05-31 16:03:12,143 INFO (ClockThread): Received DateTimeEvent. Repainting.
2015-05-31 16:03:13,189 INFO (ClockThread): Received DateTimeEvent. Repainting.
2015-05-31 16:04:42,128 INFO (ClockThread): Received DateTimeEvent. Repainting.
2015-05-31 16:04:43,205 INFO (ClockThread): Received DateTimeEvent. Repainting.
2015-05-31 16:05:38,213 INFO (ClockThread): Received DateTimeEvent. Repainting.
2015-05-31 16:05:39,024 INFO (ClockThread): Received DateTimeEvent. Repainting.
2015-05-31 16:10:09,719 INFO (ClockThread): Received DateTimeEvent. Repainting.
2015-05-31 16:10:09,734 FATAL (main): Error while starting application. Shutting down.
java.lang.NullPointerException
	at java.util.concurrent.ConcurrentLinkedQueue.checkNotNull(Unknown Source)
	at java.util.concurrent.ConcurrentLinkedQueue.offer(Unknown Source)
	at java.util.concurrent.ConcurrentLinkedQueue.add(Unknown Source)
	at view.CustosMainFrame.add(CustosMainFrame.java:37)
	at view.CustosGui.activate(CustosGui.java:24)
	at controller.CustosApplication.main(CustosApplication.java:23)
2015-05-31 16:10:10,250 INFO (ClockThread): Received DateTimeEvent. Repainting.
2015-05-31 16:10:11,046 INFO (ClockThread): Received DateTimeEvent. Repainting.
2015-05-31 16:17:41,851 INFO (ClockThread): Received DateTimeEvent. Repainting.
2015-05-31 16:17:41,857 FATAL (main): Error while starting application. Shutting down.
java.lang.NullPointerException
	at java.util.concurrent.ConcurrentLinkedQueue.checkNotNull(Unknown Source)
	at java.util.concurrent.ConcurrentLinkedQueue.offer(Unknown Source)
	at java.util.concurrent.ConcurrentLinkedQueue.add(Unknown Source)
	at view.CustosMainFrame.add(CustosMainFrame.java:36)
	at view.CustosGui.activate(CustosGui.java:24)
	at controller.CustosApplication.main(CustosApplication.java:23)
2015-05-31 16:17:42,108 INFO (ClockThread): Received DateTimeEvent. Repainting.
2015-05-31 16:17:43,108 INFO (ClockThread): Received DateTimeEvent. Repainting.
2015-05-31 16:18:05,432 INFO (ClockThread): Received DateTimeEvent. Repainting.
2015-05-31 16:18:06,188 INFO (ClockThread): Received DateTimeEvent. Repainting.
2015-05-31 16:23:51,205 INFO (ClockThread): Received DateTimeEvent. Repainting.
2015-05-31 16:23:52,211 INFO (ClockThread): Received DateTimeEvent. Repainting.
2015-05-31 16:23:53,211 INFO (ClockThread): Received DateTimeEvent. Repainting.
2015-05-31 16:23:54,211 INFO (ClockThread): Received DateTimeEvent. Repainting.
2015-05-31 16:23:55,211 INFO (ClockThread): Received DateTimeEvent. Repainting.
2015-05-31 16:27:27,493 INFO (ClockThread): Received DateTimeEvent. Repainting.
2015-05-31 16:27:28,249 INFO (ClockThread): Received DateTimeEvent. Repainting.
2015-05-31 16:27:29,249 INFO (ClockThread): Received DateTimeEvent. Repainting.
2015-05-31 16:27:30,249 INFO (ClockThread): Received DateTimeEvent. Repainting.
2015-05-31 16:27:31,249 INFO (ClockThread): Received DateTimeEvent. Repainting.
2015-05-31 16:27:32,249 INFO (ClockThread): Received DateTimeEvent. Repainting.
2015-05-31 16:28:48,662 INFO (ClockThread): Received DateTimeEvent. Repainting.
2015-05-31 16:28:49,167 INFO (ClockThread): Received DateTimeEvent. Repainting.
2015-05-31 16:28:50,167 INFO (ClockThread): Received DateTimeEvent. Repainting.
2015-06-05 10:17:34,736 INFO (ClockThread): Received DateTimeEvent. Repainting.
2015-06-05 10:17:35,252 INFO (ClockThread): Received DateTimeEvent. Repainting.
2015-06-05 10:17:36,047 INFO (ClockThread): Received DateTimeEvent. Repainting.
2015-06-05 10:17:37,094 INFO (ClockThread): Received DateTimeEvent. Repainting.
2015-06-05 10:17:38,140 INFO (ClockThread): Received DateTimeEvent. Repainting.
2015-06-05 10:19:48,161 DEBUG (ClockThread): Received DateTimeEvent. Repainting.
2015-06-05 10:19:49,237 DEBUG (ClockThread): Received DateTimeEvent. Repainting.
2015-06-05 10:19:50,018 DEBUG (ClockThread): Received DateTimeEvent. Repainting.
2015-06-05 10:19:51,079 DEBUG (ClockThread): Received DateTimeEvent. Repainting.
2015-06-05 10:19:52,125 DEBUG (ClockThread): Received DateTimeEvent. Repainting.
2015-06-05 10:19:53,172 DEBUG (ClockThread): Received DateTimeEvent. Repainting.
2015-06-05 10:20:02,458 DEBUG (ClockThread): Received DateTimeEvent. Repainting.
2015-06-05 10:20:03,004 DEBUG (ClockThread): Received DateTimeEvent. Repainting.
2015-06-05 10:20:04,050 DEBUG (ClockThread): Received DateTimeEvent. Repainting.
2015-06-05 10:20:05,096 DEBUG (ClockThread): Received DateTimeEvent. Repainting.
2015-06-05 10:20:06,142 DEBUG (ClockThread): Received DateTimeEvent. Repainting.
2015-06-05 10:20:07,188 DEBUG (ClockThread): Received DateTimeEvent. Repainting.
2015-06-05 10:21:04,413 DEBUG (ClockThread): Received DateTimeEvent. Repainting.
2015-06-05 10:21:05,208 DEBUG (ClockThread): Received DateTimeEvent. Repainting.
2015-06-05 10:21:06,254 DEBUG (ClockThread): Received DateTimeEvent. Repainting.
2015-06-05 10:21:07,035 DEBUG (ClockThread): Received DateTimeEvent. Repainting.
2015-06-05 10:21:08,096 DEBUG (ClockThread): Received DateTimeEvent. Repainting.
2015-06-05 10:21:09,142 DEBUG (ClockThread): Received DateTimeEvent. Repainting.
2015-06-05 10:21:10,189 DEBUG (ClockThread): Received DateTimeEvent. Repainting.
2015-06-05 10:21:11,235 DEBUG (ClockThread): Received DateTimeEvent. Repainting.
2015-06-05 10:21:12,016 DEBUG (ClockThread): Received DateTimeEvent. Repainting.
2015-06-05 10:21:13,077 DEBUG (ClockThread): Received DateTimeEvent. Repainting.
2015-06-05 10:24:27,461 DEBUG (ClockThread): Received DateTimeEvent. Repainting.
2015-06-05 10:24:28,007 DEBUG (ClockThread): Received DateTimeEvent. Repainting.
2015-06-05 10:24:29,053 DEBUG (ClockThread): Received DateTimeEvent. Repainting.
2015-06-05 10:24:30,099 DEBUG (ClockThread): Received DateTimeEvent. Repainting.
2015-06-05 10:24:31,145 DEBUG (ClockThread): Received DateTimeEvent. Repainting.
2015-06-05 10:24:32,192 DEBUG (ClockThread): Received DateTimeEvent. Repainting.
2015-06-05 10:26:08,013 DEBUG (ClockThread): Received DateTimeEvent. Repainting.
2015-06-05 10:26:08,278 DEBUG (ClockThread): Received DateTimeEvent. Repainting.
2015-06-05 10:26:09,060 DEBUG (ClockThread): Received DateTimeEvent. Repainting.
2015-06-05 10:26:10,107 DEBUG (ClockThread): Received DateTimeEvent. Repainting.
2015-06-05 10:26:11,153 DEBUG (ClockThread): Received DateTimeEvent. Repainting.
2015-06-05 10:27:01,211 DEBUG (ClockThread): Received DateTimeEvent. Repainting.
2015-06-05 10:27:02,258 DEBUG (ClockThread): Received DateTimeEvent. Repainting.
2015-06-05 10:27:03,039 DEBUG (ClockThread): Received DateTimeEvent. Repainting.
2015-06-05 10:27:51,641 DEBUG (ClockThread): Received DateTimeEvent. Repainting.
2015-06-05 10:27:52,173 DEBUG (ClockThread): Received DateTimeEvent. Repainting.
2015-06-05 10:27:53,220 DEBUG (ClockThread): Received DateTimeEvent. Repainting.
2015-06-05 10:27:54,001 DEBUG (ClockThread): Received DateTimeEvent. Repainting.
2015-06-05 10:27:55,061 DEBUG (ClockThread): Received DateTimeEvent. Repainting.
2015-06-05 10:28:19,513 DEBUG (ClockThread): Received DateTimeEvent. Repainting.
2015-06-05 10:28:20,043 DEBUG (ClockThread): Received DateTimeEvent. Repainting.
2015-06-05 10:28:21,076 DEBUG (ClockThread): Received DateTimeEvent. Repainting.
2015-06-05 10:28:48,023 DEBUG (ClockThread): Received DateTimeEvent. Repainting.
2015-06-05 10:28:49,084 DEBUG (ClockThread): Received DateTimeEvent. Repainting.
2015-06-05 10:28:50,130 DEBUG (ClockThread): Received DateTimeEvent. Repainting.
2015-06-05 10:29:39,879 DEBUG (ClockThread): Received DateTimeEvent. Repainting.
2015-06-05 10:29:40,160 DEBUG (ClockThread): Received DateTimeEvent. Repainting.
2015-06-05 10:29:41,206 DEBUG (ClockThread): Received DateTimeEvent. Repainting.
2015-06-05 10:29:42,252 DEBUG (ClockThread): Received DateTimeEvent. Repainting.
2015-06-05 10:30:07,253 DEBUG (ClockThread): Received DateTimeEvent. Repainting.
2015-06-05 10:30:08,049 DEBUG (ClockThread): Received DateTimeEvent. Repainting.
2015-06-05 10:30:09,095 DEBUG (ClockThread): Received DateTimeEvent. Repainting.
2015-06-05 10:30:10,141 DEBUG (ClockThread): Received DateTimeEvent. Repainting.
2015-06-05 10:31:45,492 DEBUG (ClockThread): Received DateTimeEvent. Repainting.
2015-06-05 10:31:46,023 DEBUG (ClockThread): Received DateTimeEvent. Repainting.
2015-06-05 10:31:47,070 DEBUG (ClockThread): Received DateTimeEvent. Repainting.
2015-06-05 10:31:48,116 DEBUG (ClockThread): Received DateTimeEvent. Repainting.
2015-06-05 10:31:49,162 DEBUG (ClockThread): Received DateTimeEvent. Repainting.
2015-06-05 10:31:50,208 DEBUG (ClockThread): Received DateTimeEvent. Repainting.
2015-06-05 10:31:51,254 DEBUG (ClockThread): Received DateTimeEvent. Repainting.
2015-06-05 10:32:51,391 DEBUG (ClockThread): Received DateTimeEvent. Repainting.
2015-06-05 10:32:52,173 DEBUG (ClockThread): Received DateTimeEvent. Repainting.
2015-06-05 10:32:53,219 DEBUG (ClockThread): Received DateTimeEvent. Repainting.
2015-06-05 10:32:54,000 DEBUG (ClockThread): Received DateTimeEvent. Repainting.
2015-06-05 10:32:55,047 DEBUG (ClockThread): Received DateTimeEvent. Repainting.
2015-06-05 10:32:56,094 DEBUG (ClockThread): Received DateTimeEvent. Repainting.
2015-06-05 10:32:57,140 DEBUG (ClockThread): Received DateTimeEvent. Repainting.
2015-06-05 10:32:58,186 DEBUG (ClockThread): Received DateTimeEvent. Repainting.
2015-06-05 10:32:59,232 DEBUG (ClockThread): Received DateTimeEvent. Repainting.
2015-06-05 10:33:00,013 DEBUG (ClockThread): Received DateTimeEvent. Repainting.
2015-06-05 10:33:01,074 DEBUG (ClockThread): Received DateTimeEvent. Repainting.
2015-06-05 10:33:02,120 DEBUG (ClockThread): Received DateTimeEvent. Repainting.
2015-06-05 10:33:03,166 DEBUG (ClockThread): Received DateTimeEvent. Repainting.
2015-06-05 10:33:04,213 DEBUG (ClockThread): Received DateTimeEvent. Repainting.
2015-06-05 10:33:05,259 DEBUG (ClockThread): Received DateTimeEvent. Repainting.
2015-06-05 10:33:06,040 DEBUG (ClockThread): Received DateTimeEvent. Repainting.
2015-06-05 10:33:07,101 DEBUG (ClockThread): Received DateTimeEvent. Repainting.
2015-06-05 10:33:08,135 DEBUG (ClockThread): Received DateTimeEvent. Repainting.
2015-06-05 10:33:09,181 DEBUG (ClockThread): Received DateTimeEvent. Repainting.
2015-06-05 10:33:10,228 DEBUG (ClockThread): Received DateTimeEvent. Repainting.
2015-06-05 10:35:43,781 DEBUG (ClockThread): Received DateTimeEvent. Repainting.
2015-06-05 10:35:44,061 DEBUG (ClockThread): Received DateTimeEvent. Repainting.
2015-06-05 10:35:45,107 DEBUG (ClockThread): Received DateTimeEvent. Repainting.
2015-06-05 10:35:46,139 DEBUG (ClockThread): Received DateTimeEvent. Repainting.
2015-06-05 10:35:47,185 DEBUG (ClockThread): Received DateTimeEvent. Repainting.
2015-06-05 10:36:21,029 DEBUG (ClockThread): Received DateTimeEvent. Repainting.
2015-06-05 10:36:22,091 DEBUG (ClockThread): Received DateTimeEvent. Repainting.
2015-06-05 10:36:23,137 DEBUG (ClockThread): Received DateTimeEvent. Repainting.
2015-06-05 10:36:24,184 DEBUG (ClockThread): Received DateTimeEvent. Repainting.
2015-06-05 10:36:25,230 DEBUG (ClockThread): Received DateTimeEvent. Repainting.
2015-06-05 10:36:26,011 DEBUG (ClockThread): Received DateTimeEvent. Repainting.
2015-06-05 10:36:27,072 DEBUG (ClockThread): Received DateTimeEvent. Repainting.
2015-06-05 10:36:28,118 DEBUG (ClockThread): Received DateTimeEvent. Repainting.
2015-06-05 10:36:29,150 DEBUG (ClockThread): Received DateTimeEvent. Repainting.
2015-06-05 10:36:30,196 DEBUG (ClockThread): Received DateTimeEvent. Repainting.
2015-06-05 10:36:31,242 DEBUG (ClockThread): Received DateTimeEvent. Repainting.
2015-06-05 10:36:32,023 DEBUG (ClockThread): Received DateTimeEvent. Repainting.
2015-06-05 10:36:33,084 DEBUG (ClockThread): Received DateTimeEvent. Repainting.
2015-06-05 10:36:34,130 DEBUG (ClockThread): Received DateTimeEvent. Repainting.
2015-06-05 10:36:35,176 DEBUG (ClockThread): Received DateTimeEvent. Repainting.
2015-06-05 10:36:36,222 DEBUG (ClockThread): Received DateTimeEvent. Repainting.
2015-06-05 10:36:37,003 DEBUG (ClockThread): Received DateTimeEvent. Repainting.
2015-06-05 10:36:38,064 DEBUG (ClockThread): Received DateTimeEvent. Repainting.
2015-06-05 10:36:39,110 DEBUG (ClockThread): Received DateTimeEvent. Repainting.
2015-06-05 10:36:40,157 DEBUG (ClockThread): Received DateTimeEvent. Repainting.
2015-06-05 10:36:41,203 DEBUG (ClockThread): Received DateTimeEvent. Repainting.
2015-06-05 10:36:42,249 DEBUG (ClockThread): Received DateTimeEvent. Repainting.
2015-06-05 10:38:01,140 DEBUG (ClockThread): Received DateTimeEvent. Repainting.
2015-06-05 10:38:02,186 DEBUG (ClockThread): Received DateTimeEvent. Repainting.
2015-06-05 10:38:03,217 DEBUG (ClockThread): Received DateTimeEvent. Repainting.
2015-06-05 10:38:04,264 DEBUG (ClockThread): Received DateTimeEvent. Repainting.
2015-06-05 10:38:05,045 DEBUG (ClockThread): Received DateTimeEvent. Repainting.
2015-06-05 10:38:06,105 DEBUG (ClockThread): Received DateTimeEvent. Repainting.
2015-06-05 10:38:07,152 DEBUG (ClockThread): Received DateTimeEvent. Repainting.
2015-06-05 10:38:08,198 DEBUG (ClockThread): Received DateTimeEvent. Repainting.
2015-06-05 10:38:09,244 DEBUG (ClockThread): Received DateTimeEvent. Repainting.
2015-06-05 10:38:10,025 DEBUG (ClockThread): Received DateTimeEvent. Repainting.
2015-06-05 10:38:11,086 DEBUG (ClockThread): Received DateTimeEvent. Repainting.
2015-06-05 10:38:12,132 DEBUG (ClockThread): Received DateTimeEvent. Repainting.
2015-06-05 10:38:13,178 DEBUG (ClockThread): Received DateTimeEvent. Repainting.
2015-06-05 10:38:14,225 DEBUG (ClockThread): Received DateTimeEvent. Repainting.
2015-06-05 10:38:15,006 DEBUG (ClockThread): Received DateTimeEvent. Repainting.
2015-06-05 10:38:16,066 DEBUG (ClockThread): Received DateTimeEvent. Repainting.
2015-06-05 10:38:17,113 DEBUG (ClockThread): Received DateTimeEvent. Repainting.
2015-06-05 10:38:18,159 DEBUG (ClockThread): Received DateTimeEvent. Repainting.
2015-06-05 10:38:19,205 DEBUG (ClockThread): Received DateTimeEvent. Repainting.
2015-06-05 10:38:20,251 DEBUG (ClockThread): Received DateTimeEvent. Repainting.
2015-06-05 10:38:21,021 DEBUG (ClockThread): Received DateTimeEvent. Repainting.
2015-06-05 10:38:22,081 DEBUG (ClockThread): Received DateTimeEvent. Repainting.
2015-06-05 10:38:23,130 DEBUG (ClockThread): Received DateTimeEvent. Repainting.
2015-06-05 10:38:24,176 DEBUG (ClockThread): Received DateTimeEvent. Repainting.
2015-06-05 10:38:25,222 DEBUG (ClockThread): Received DateTimeEvent. Repainting.
2015-06-05 10:38:26,003 DEBUG (ClockThread): Received DateTimeEvent. Repainting.
2015-06-05 10:38:27,064 DEBUG (ClockThread): Received DateTimeEvent. Repainting.
2015-06-05 10:38:28,110 DEBUG (ClockThread): Received DateTimeEvent. Repainting.
2015-06-05 10:38:29,156 DEBUG (ClockThread): Received DateTimeEvent. Repainting.
2015-06-05 10:38:30,202 DEBUG (ClockThread): Received DateTimeEvent. Repainting.
2015-06-05 10:38:31,249 DEBUG (ClockThread): Received DateTimeEvent. Repainting.
2015-06-05 10:38:32,030 DEBUG (ClockThread): Received DateTimeEvent. Repainting.
2015-06-05 10:38:33,090 DEBUG (ClockThread): Received DateTimeEvent. Repainting.
2015-06-05 10:38:34,137 DEBUG (ClockThread): Received DateTimeEvent. Repainting.
2015-06-05 10:38:35,183 DEBUG (ClockThread): Received DateTimeEvent. Repainting.
2015-06-05 10:38:36,229 DEBUG (ClockThread): Received DateTimeEvent. Repainting.
2015-06-05 10:38:37,010 DEBUG (ClockThread): Received DateTimeEvent. Repainting.
2015-06-05 10:38:38,056 DEBUG (ClockThread): Received DateTimeEvent. Repainting.
2015-06-05 10:38:39,102 DEBUG (ClockThread): Received DateTimeEvent. Repainting.
2015-06-05 10:38:40,149 DEBUG (ClockThread): Received DateTimeEvent. Repainting.
2015-06-05 10:38:41,195 DEBUG (ClockThread): Received DateTimeEvent. Repainting.
2015-06-05 10:38:42,241 DEBUG (ClockThread): Received DateTimeEvent. Repainting.
2015-06-05 10:38:43,022 DEBUG (ClockThread): Received DateTimeEvent. Repainting.
2015-06-05 10:38:44,083 DEBUG (ClockThread): Received DateTimeEvent. Repainting.
2015-06-05 10:38:45,129 DEBUG (ClockThread): Received DateTimeEvent. Repainting.
2015-06-05 10:38:46,175 DEBUG (ClockThread): Received DateTimeEvent. Repainting.
2015-06-05 10:38:47,221 DEBUG (ClockThread): Received DateTimeEvent. Repainting.
2015-06-05 10:38:48,002 DEBUG (ClockThread): Received DateTimeEvent. Repainting.
2015-06-05 10:38:49,063 DEBUG (ClockThread): Received DateTimeEvent. Repainting.
2015-06-05 10:38:50,109 DEBUG (ClockThread): Received DateTimeEvent. Repainting.
2015-06-05 10:38:51,156 DEBUG (ClockThread): Received DateTimeEvent. Repainting.
2015-06-05 10:38:52,202 DEBUG (ClockThread): Received DateTimeEvent. Repainting.
2015-06-05 10:38:53,238 DEBUG (ClockThread): Received DateTimeEvent. Repainting.
2015-06-05 10:38:54,019 DEBUG (ClockThread): Received DateTimeEvent. Repainting.
2015-06-05 10:38:55,080 DEBUG (ClockThread): Received DateTimeEvent. Repainting.
2015-06-05 10:38:56,126 DEBUG (ClockThread): Received DateTimeEvent. Repainting.
2015-06-05 10:38:57,173 DEBUG (ClockThread): Received DateTimeEvent. Repainting.
2015-06-05 10:38:58,219 DEBUG (ClockThread): Received DateTimeEvent. Repainting.
2015-06-05 10:38:59,000 DEBUG (ClockThread): Received DateTimeEvent. Repainting.
2015-06-05 10:39:00,061 DEBUG (ClockThread): Received DateTimeEvent. Repainting.
2015-06-05 10:39:32,737 DEBUG (ClockThread): Received DateTimeEvent. Repainting.
2015-06-05 10:39:33,080 DEBUG (ClockThread): Received DateTimeEvent. Repainting.
2015-06-05 10:39:34,064 DEBUG (ClockThread): Received DateTimeEvent. Repainting.
2015-06-05 10:39:35,047 DEBUG (ClockThread): Received DateTimeEvent. Repainting.
2015-06-05 10:39:36,031 DEBUG (ClockThread): Received DateTimeEvent. Repainting.
2015-06-05 10:39:37,013 DEBUG (ClockThread): Received DateTimeEvent. Repainting.
2015-06-05 10:39:38,106 DEBUG (ClockThread): Received DateTimeEvent. Repainting.
2015-06-05 10:39:39,090 DEBUG (ClockThread): Received DateTimeEvent. Repainting.
2015-06-05 10:39:40,073 DEBUG (ClockThread): Received DateTimeEvent. Repainting.
2015-06-05 10:39:41,057 DEBUG (ClockThread): Received DateTimeEvent. Repainting.
2015-06-05 10:39:42,040 DEBUG (ClockThread): Received DateTimeEvent. Repainting.
2015-06-05 10:39:43,023 DEBUG (ClockThread): Received DateTimeEvent. Repainting.
2015-06-05 10:39:44,006 DEBUG (ClockThread): Received DateTimeEvent. Repainting.
2015-06-05 10:39:45,099 DEBUG (ClockThread): Received DateTimeEvent. Repainting.
2015-06-05 10:39:46,083 DEBUG (ClockThread): Received DateTimeEvent. Repainting.
2015-06-05 10:39:47,068 DEBUG (ClockThread): Received DateTimeEvent. Repainting.
2015-06-05 10:39:48,052 DEBUG (ClockThread): Received DateTimeEvent. Repainting.
2015-06-05 10:39:49,034 DEBUG (ClockThread): Received DateTimeEvent. Repainting.
2015-06-05 10:39:50,018 DEBUG (ClockThread): Received DateTimeEvent. Repainting.
2015-06-05 10:39:51,001 DEBUG (ClockThread): Received DateTimeEvent. Repainting.
2015-06-05 10:39:52,094 DEBUG (ClockThread): Received DateTimeEvent. Repainting.
2015-06-05 10:39:53,080 DEBUG (ClockThread): Received DateTimeEvent. Repainting.
2015-06-05 10:39:54,063 DEBUG (ClockThread): Received DateTimeEvent. Repainting.
2015-06-05 10:39:55,046 DEBUG (ClockThread): Received DateTimeEvent. Repainting.
2015-06-05 10:39:56,033 DEBUG (ClockThread): Received DateTimeEvent. Repainting.
2015-06-05 10:39:57,017 DEBUG (ClockThread): Received DateTimeEvent. Repainting.
2015-06-05 10:39:58,000 DEBUG (ClockThread): Received DateTimeEvent. Repainting.
2015-06-05 10:39:59,097 DEBUG (ClockThread): Received DateTimeEvent. Repainting.
2015-06-05 10:40:00,081 DEBUG (ClockThread): Received DateTimeEvent. Repainting.
2015-06-05 10:40:01,063 DEBUG (ClockThread): Received DateTimeEvent. Repainting.
2015-06-05 10:40:02,047 DEBUG (ClockThread): Received DateTimeEvent. Repainting.
2015-06-05 10:40:03,030 DEBUG (ClockThread): Received DateTimeEvent. Repainting.
2015-06-05 10:40:04,014 DEBUG (ClockThread): Received DateTimeEvent. Repainting.
2015-06-05 10:40:05,106 DEBUG (ClockThread): Received DateTimeEvent. Repainting.
2015-06-05 10:40:06,091 DEBUG (ClockThread): Received DateTimeEvent. Repainting.
2015-06-05 10:40:07,074 DEBUG (ClockThread): Received DateTimeEvent. Repainting.
2015-06-05 10:40:08,057 DEBUG (ClockThread): Received DateTimeEvent. Repainting.
2015-06-05 10:40:09,040 DEBUG (ClockThread): Received DateTimeEvent. Repainting.
2015-06-05 10:40:10,024 DEBUG (ClockThread): Received DateTimeEvent. Repainting.
2015-06-05 10:40:11,007 DEBUG (ClockThread): Received DateTimeEvent. Repainting.
2015-06-05 10:40:12,100 DEBUG (ClockThread): Received DateTimeEvent. Repainting.
2015-06-05 10:40:13,084 DEBUG (ClockThread): Received DateTimeEvent. Repainting.
2015-06-05 10:40:14,066 DEBUG (ClockThread): Received DateTimeEvent. Repainting.
2015-06-05 10:40:15,050 DEBUG (ClockThread): Received DateTimeEvent. Repainting.
2015-06-05 10:40:16,033 DEBUG (ClockThread): Received DateTimeEvent. Repainting.
2015-06-05 10:40:17,017 DEBUG (ClockThread): Received DateTimeEvent. Repainting.
2015-06-05 10:40:18,000 DEBUG (ClockThread): Received DateTimeEvent. Repainting.
2015-06-05 10:40:19,093 DEBUG (ClockThread): Received DateTimeEvent. Repainting.
2015-06-05 10:40:20,076 DEBUG (ClockThread): Received DateTimeEvent. Repainting.
2015-06-05 10:40:21,059 DEBUG (ClockThread): Received DateTimeEvent. Repainting.
2015-06-05 10:40:22,045 DEBUG (ClockThread): Received DateTimeEvent. Repainting.
2015-06-05 10:40:23,028 DEBUG (ClockThread): Received DateTimeEvent. Repainting.
2015-06-05 10:40:24,012 DEBUG (ClockThread): Received DateTimeEvent. Repainting.
2015-06-05 10:40:25,104 DEBUG (ClockThread): Received DateTimeEvent. Repainting.
2015-06-05 10:40:26,087 DEBUG (ClockThread): Received DateTimeEvent. Repainting.
2015-06-05 10:40:27,070 DEBUG (ClockThread): Received DateTimeEvent. Repainting.
2015-06-05 10:40:28,048 DEBUG (ClockThread): Received DateTimeEvent. Repainting.
2015-06-05 10:40:29,031 DEBUG (ClockThread): Received DateTimeEvent. Repainting.
2015-06-05 10:40:30,015 DEBUG (ClockThread): Received DateTimeEvent. Repainting.
2015-06-05 10:40:31,107 DEBUG (ClockThread): Received DateTimeEvent. Repainting.
2015-06-05 10:40:32,106 DEBUG (ClockThread): Received DateTimeEvent. Repainting.
2015-06-05 10:40:33,089 DEBUG (ClockThread): Received DateTimeEvent. Repainting.
2015-06-05 10:40:34,073 DEBUG (ClockThread): Received DateTimeEvent. Repainting.
2015-06-05 10:40:35,056 DEBUG (ClockThread): Received DateTimeEvent. Repainting.
2015-06-05 10:40:36,040 DEBUG (ClockThread): Received DateTimeEvent. Repainting.
2015-06-05 10:40:37,022 DEBUG (ClockThread): Received DateTimeEvent. Repainting.
2015-06-05 10:40:38,006 DEBUG (ClockThread): Received DateTimeEvent. Repainting.
2015-06-05 10:40:39,098 DEBUG (ClockThread): Received DateTimeEvent. Repainting.
2015-06-05 10:40:40,082 DEBUG (ClockThread): Received DateTimeEvent. Repainting.
2015-06-05 10:40:41,065 DEBUG (ClockThread): Received DateTimeEvent. Repainting.
2015-06-05 10:40:42,049 DEBUG (ClockThread): Received DateTimeEvent. Repainting.
2015-06-05 10:40:43,031 DEBUG (ClockThread): Received DateTimeEvent. Repainting.
2015-06-05 10:40:44,015 DEBUG (ClockThread): Received DateTimeEvent. Repainting.
2015-06-05 10:40:45,107 DEBUG (ClockThread): Received DateTimeEvent. Repainting.
2015-06-05 10:40:46,091 DEBUG (ClockThread): Received DateTimeEvent. Repainting.
2015-06-05 10:40:47,074 DEBUG (ClockThread): Received DateTimeEvent. Repainting.
2015-06-05 10:40:48,058 DEBUG (ClockThread): Received DateTimeEvent. Repainting.
2015-06-05 10:40:49,040 DEBUG (ClockThread): Received DateTimeEvent. Repainting.
2015-06-05 10:40:50,024 DEBUG (ClockThread): Received DateTimeEvent. Repainting.
2015-06-05 10:40:51,007 DEBUG (ClockThread): Received DateTimeEvent. Repainting.
2015-06-05 10:40:52,100 DEBUG (ClockThread): Received DateTimeEvent. Repainting.
2015-06-05 10:40:53,084 DEBUG (ClockThread): Received DateTimeEvent. Repainting.
2015-06-05 10:40:54,067 DEBUG (ClockThread): Received DateTimeEvent. Repainting.
2015-06-05 10:40:55,050 DEBUG (ClockThread): Received DateTimeEvent. Repainting.
2015-06-05 10:40:56,035 DEBUG (ClockThread): Received DateTimeEvent. Repainting.
2015-06-05 10:40:57,019 DEBUG (ClockThread): Received DateTimeEvent. Repainting.
2015-06-05 10:40:58,002 DEBUG (ClockThread): Received DateTimeEvent. Repainting.
2015-06-05 10:40:59,097 DEBUG (ClockThread): Received DateTimeEvent. Repainting.
2015-06-05 10:41:00,081 DEBUG (ClockThread): Received DateTimeEvent. Repainting.
2015-06-05 10:41:01,063 DEBUG (ClockThread): Received DateTimeEvent. Repainting.
2015-06-05 10:41:02,047 DEBUG (ClockThread): Received DateTimeEvent. Repainting.
2015-06-05 10:41:03,030 DEBUG (ClockThread): Received DateTimeEvent. Repainting.
2015-06-05 10:41:04,014 DEBUG (ClockThread): Received DateTimeEvent. Repainting.
2015-06-05 10:41:05,106 DEBUG (ClockThread): Received DateTimeEvent. Repainting.
2015-06-05 10:41:06,090 DEBUG (ClockThread): Received DateTimeEvent. Repainting.
2015-06-05 10:41:07,088 DEBUG (ClockThread): Received DateTimeEvent. Repainting.
2015-06-05 10:41:08,072 DEBUG (ClockThread): Received DateTimeEvent. Repainting.
2015-06-05 10:41:09,055 DEBUG (ClockThread): Received DateTimeEvent. Repainting.
2015-06-05 10:41:10,038 DEBUG (ClockThread): Received DateTimeEvent. Repainting.
2015-06-05 10:41:11,021 DEBUG (ClockThread): Received DateTimeEvent. Repainting.
2015-06-05 10:41:12,005 DEBUG (ClockThread): Received DateTimeEvent. Repainting.
2015-06-05 10:41:13,097 DEBUG (ClockThread): Received DateTimeEvent. Repainting.
2015-06-05 10:41:14,081 DEBUG (ClockThread): Received DateTimeEvent. Repainting.
2015-06-05 10:41:15,064 DEBUG (ClockThread): Received DateTimeEvent. Repainting.
2015-06-05 10:41:16,047 DEBUG (ClockThread): Received DateTimeEvent. Repainting.
2015-06-05 10:41:17,030 DEBUG (ClockThread): Received DateTimeEvent. Repainting.
2015-06-05 10:41:18,014 DEBUG (ClockThread): Received DateTimeEvent. Repainting.
2015-06-05 10:41:19,106 DEBUG (ClockThread): Received DateTimeEvent. Repainting.
2015-06-05 10:41:20,090 DEBUG (ClockThread): Received DateTimeEvent. Repainting.
2015-06-05 10:41:21,073 DEBUG (ClockThread): Received DateTimeEvent. Repainting.
2015-06-05 10:41:22,057 DEBUG (ClockThread): Received DateTimeEvent. Repainting.
2015-06-05 10:41:23,040 DEBUG (ClockThread): Received DateTimeEvent. Repainting.
2015-06-05 10:41:24,024 DEBUG (ClockThread): Received DateTimeEvent. Repainting.
2015-06-05 10:41:25,007 DEBUG (ClockThread): Received DateTimeEvent. Repainting.
2015-06-05 10:41:26,100 DEBUG (ClockThread): Received DateTimeEvent. Repainting.
2015-06-05 10:41:27,084 DEBUG (ClockThread): Received DateTimeEvent. Repainting.
2015-06-05 10:41:28,066 DEBUG (ClockThread): Received DateTimeEvent. Repainting.
2015-06-05 10:41:29,050 DEBUG (ClockThread): Received DateTimeEvent. Repainting.
2015-06-05 10:41:30,033 DEBUG (ClockThread): Received DateTimeEvent. Repainting.
2015-06-05 10:41:31,021 DEBUG (ClockThread): Received DateTimeEvent. Repainting.
2015-06-05 10:41:32,004 DEBUG (ClockThread): Received DateTimeEvent. Repainting.
2015-06-05 10:41:33,097 DEBUG (ClockThread): Received DateTimeEvent. Repainting.
2015-06-05 10:41:34,080 DEBUG (ClockThread): Received DateTimeEvent. Repainting.
2015-06-05 10:41:35,063 DEBUG (ClockThread): Received DateTimeEvent. Repainting.
2015-06-05 10:41:36,047 DEBUG (ClockThread): Received DateTimeEvent. Repainting.
2015-06-05 10:41:37,030 DEBUG (ClockThread): Received DateTimeEvent. Repainting.
2015-06-05 10:41:38,014 DEBUG (ClockThread): Received DateTimeEvent. Repainting.
2015-06-05 10:41:39,106 DEBUG (ClockThread): Received DateTimeEvent. Repainting.
2015-06-05 10:41:40,089 DEBUG (ClockThread): Received DateTimeEvent. Repainting.
2015-06-05 10:41:41,072 DEBUG (ClockThread): Received DateTimeEvent. Repainting.
2015-06-05 10:41:42,056 DEBUG (ClockThread): Received DateTimeEvent. Repainting.
2015-06-05 10:41:43,039 DEBUG (ClockThread): Received DateTimeEvent. Repainting.
2015-06-05 10:41:44,023 DEBUG (ClockThread): Received DateTimeEvent. Repainting.
2015-06-05 10:41:45,005 DEBUG (ClockThread): Received DateTimeEvent. Repainting.
2015-06-05 10:41:46,098 DEBUG (ClockThread): Received DateTimeEvent. Repainting.
2015-06-05 10:41:47,082 DEBUG (ClockThread): Received DateTimeEvent. Repainting.
2015-06-05 10:41:48,065 DEBUG (ClockThread): Received DateTimeEvent. Repainting.
2015-06-05 10:41:49,049 DEBUG (ClockThread): Received DateTimeEvent. Repainting.
2015-06-05 10:41:50,032 DEBUG (ClockThread): Received DateTimeEvent. Repainting.
2015-06-05 10:41:51,015 DEBUG (ClockThread): Received DateTimeEvent. Repainting.
2015-06-05 10:41:52,107 DEBUG (ClockThread): Received DateTimeEvent. Repainting.
2015-06-05 10:41:53,091 DEBUG (ClockThread): Received DateTimeEvent. Repainting.
2015-06-05 10:41:54,074 DEBUG (ClockThread): Received DateTimeEvent. Repainting.
2015-06-05 10:41:55,058 DEBUG (ClockThread): Received DateTimeEvent. Repainting.
2015-06-05 10:41:56,041 DEBUG (ClockThread): Received DateTimeEvent. Repainting.
2015-06-05 10:41:57,025 DEBUG (ClockThread): Received DateTimeEvent. Repainting.
2015-06-05 10:41:58,007 DEBUG (ClockThread): Received DateTimeEvent. Repainting.
2015-06-05 10:41:59,100 DEBUG (ClockThread): Received DateTimeEvent. Repainting.
2015-06-05 10:42:00,084 DEBUG (ClockThread): Received DateTimeEvent. Repainting.
2015-06-05 10:43:44,839 DEBUG (ClockThread): Received DateTimeEvent. Repainting.
2015-06-05 10:43:45,058 DEBUG (ClockThread): Received DateTimeEvent. Repainting.
2015-06-05 10:43:46,042 DEBUG (ClockThread): Received DateTimeEvent. Repainting.
2015-06-05 10:44:53,806 DEBUG (ClockThread): Received DateTimeEvent. Repainting.
2015-06-05 10:44:54,024 DEBUG (ClockThread): Received DateTimeEvent. Repainting.
2015-06-05 10:44:55,008 DEBUG (ClockThread): Received DateTimeEvent. Repainting.
2015-06-05 10:44:56,100 DEBUG (ClockThread): Received DateTimeEvent. Repainting.
2015-06-05 10:44:57,084 DEBUG (ClockThread): Received DateTimeEvent. Repainting.
2015-06-05 10:45:59,584 DEBUG (ClockThread): Received DateTimeEvent. Repainting.
2015-06-05 10:46:00,023 DEBUG (ClockThread): Received DateTimeEvent. Repainting.
2015-06-05 10:46:01,006 DEBUG (ClockThread): Received DateTimeEvent. Repainting.
2015-06-05 10:46:02,098 DEBUG (ClockThread): Received DateTimeEvent. Repainting.
2015-06-05 10:48:27,895 DEBUG (ClockThread): Received DateTimeEvent. Repainting.
2015-06-05 10:48:28,005 DEBUG (ClockThread): Received DateTimeEvent. Repainting.
2015-06-05 10:48:29,100 DEBUG (ClockThread): Received DateTimeEvent. Repainting.
2015-06-05 10:48:30,084 DEBUG (ClockThread): Received DateTimeEvent. Repainting.
2015-06-05 10:48:57,063 DEBUG (ClockThread): Received DateTimeEvent. Repainting.
2015-06-05 10:48:58,061 DEBUG (ClockThread): Received DateTimeEvent. Repainting.
2015-06-05 10:48:59,045 DEBUG (ClockThread): Received DateTimeEvent. Repainting.
2015-06-05 10:49:00,028 DEBUG (ClockThread): Received DateTimeEvent. Repainting.
2015-06-05 10:49:01,012 DEBUG (ClockThread): Received DateTimeEvent. Repainting.
2015-06-05 10:49:02,106 DEBUG (ClockThread): Received DateTimeEvent. Repainting.
2015-06-05 10:49:03,091 DEBUG (ClockThread): Received DateTimeEvent. Repainting.
2015-06-05 10:51:16,425 DEBUG (ClockThread): Received DateTimeEvent. Repainting.
2015-06-05 10:51:17,080 DEBUG (ClockThread): Received DateTimeEvent. Repainting.
2015-06-05 10:51:18,064 DEBUG (ClockThread): Received DateTimeEvent. Repainting.
2015-06-05 10:51:19,047 DEBUG (ClockThread): Received DateTimeEvent. Repainting.
2015-06-05 10:51:20,030 DEBUG (ClockThread): Received DateTimeEvent. Repainting.
2015-06-05 10:51:21,013 DEBUG (ClockThread): Received DateTimeEvent. Repainting.
2015-06-05 10:51:22,106 DEBUG (ClockThread): Received DateTimeEvent. Repainting.
2015-06-05 10:51:44,423 DEBUG (ClockThread): Received DateTimeEvent. Repainting.
2015-06-05 10:51:45,078 DEBUG (ClockThread): Received DateTimeEvent. Repainting.
2015-06-05 10:51:46,062 DEBUG (ClockThread): Received DateTimeEvent. Repainting.
2015-06-05 10:51:47,045 DEBUG (ClockThread): Received DateTimeEvent. Repainting.
2015-06-05 10:51:48,029 DEBUG (ClockThread): Received DateTimeEvent. Repainting.
2015-06-05 10:51:49,012 DEBUG (ClockThread): Received DateTimeEvent. Repainting.
2015-06-05 10:51:50,105 DEBUG (ClockThread): Received DateTimeEvent. Repainting.
2015-06-05 10:51:51,088 DEBUG (ClockThread): Received DateTimeEvent. Repainting.
2015-06-05 10:51:52,071 DEBUG (ClockThread): Received DateTimeEvent. Repainting.
2015-06-05 10:51:53,055 DEBUG (ClockThread): Received DateTimeEvent. Repainting.
2015-06-05 10:51:54,038 DEBUG (ClockThread): Received DateTimeEvent. Repainting.
2015-06-05 10:51:55,022 DEBUG (ClockThread): Received DateTimeEvent. Repainting.
2015-06-05 10:51:56,004 DEBUG (ClockThread): Received DateTimeEvent. Repainting.
2015-06-05 10:51:57,097 DEBUG (ClockThread): Received DateTimeEvent. Repainting.
2015-06-05 10:51:58,081 DEBUG (ClockThread): Received DateTimeEvent. Repainting.
2015-06-05 10:51:59,065 DEBUG (ClockThread): Received DateTimeEvent. Repainting.
2015-06-05 10:52:00,049 DEBUG (ClockThread): Received DateTimeEvent. Repainting.
2015-06-05 10:54:33,333 DEBUG (ClockThread): Received DateTimeEvent. Repainting.
2015-06-05 10:54:34,097 DEBUG (ClockThread): Received DateTimeEvent. Repainting.
2015-06-05 10:54:35,081 DEBUG (ClockThread): Received DateTimeEvent. Repainting.
2015-06-05 10:55:22,608 DEBUG (ClockThread): Received DateTimeEvent. Repainting.
2015-06-05 10:55:23,046 DEBUG (ClockThread): Received DateTimeEvent. Repainting.
2015-06-05 10:55:24,029 DEBUG (ClockThread): Received DateTimeEvent. Repainting.
2015-06-05 10:55:25,012 DEBUG (ClockThread): Received DateTimeEvent. Repainting.
2015-06-05 10:55:26,105 DEBUG (ClockThread): Received DateTimeEvent. Repainting.
2015-06-05 10:55:27,089 DEBUG (ClockThread): Received DateTimeEvent. Repainting.
2015-06-05 10:55:28,087 DEBUG (ClockThread): Received DateTimeEvent. Repainting.
2015-06-05 10:55:29,071 DEBUG (ClockThread): Received DateTimeEvent. Repainting.
2015-06-05 10:55:30,056 DEBUG (ClockThread): Received DateTimeEvent. Repainting.
2015-06-05 10:55:31,040 DEBUG (ClockThread): Received DateTimeEvent. Repainting.
2015-06-05 10:55:32,023 DEBUG (ClockThread): Received DateTimeEvent. Repainting.
2015-06-05 10:55:33,006 DEBUG (ClockThread): Received DateTimeEvent. Repainting.
2015-06-05 10:55:34,098 DEBUG (ClockThread): Received DateTimeEvent. Repainting.
2015-06-05 10:55:35,082 DEBUG (ClockThread): Received DateTimeEvent. Repainting.
2015-06-05 10:55:36,065 DEBUG (ClockThread): Received DateTimeEvent. Repainting.
2015-06-05 10:55:37,049 DEBUG (ClockThread): Received DateTimeEvent. Repainting.
2015-06-05 10:55:38,032 DEBUG (ClockThread): Received DateTimeEvent. Repainting.
2015-06-05 10:55:39,015 DEBUG (ClockThread): Received DateTimeEvent. Repainting.
2015-06-05 10:55:40,107 DEBUG (ClockThread): Received DateTimeEvent. Repainting.
2015-06-05 10:55:41,093 DEBUG (ClockThread): Received DateTimeEvent. Repainting.
2015-06-05 10:55:42,076 DEBUG (ClockThread): Received DateTimeEvent. Repainting.
2015-06-05 10:55:43,060 DEBUG (ClockThread): Received DateTimeEvent. Repainting.
2015-06-05 10:55:44,045 DEBUG (ClockThread): Received DateTimeEvent. Repainting.
2015-06-05 10:55:45,028 DEBUG (ClockThread): Received DateTimeEvent. Repainting.
2015-06-05 10:55:46,011 DEBUG (ClockThread): Received DateTimeEvent. Repainting.
2015-06-05 10:55:47,104 DEBUG (ClockThread): Received DateTimeEvent. Repainting.
2015-06-05 10:55:48,088 DEBUG (ClockThread): Received DateTimeEvent. Repainting.
2015-06-05 10:55:49,071 DEBUG (ClockThread): Received DateTimeEvent. Repainting.
2015-06-05 10:55:50,055 DEBUG (ClockThread): Received DateTimeEvent. Repainting.
2015-06-05 10:55:51,037 DEBUG (ClockThread): Received DateTimeEvent. Repainting.
2015-06-05 10:55:52,021 DEBUG (ClockThread): Received DateTimeEvent. Repainting.
2015-06-05 10:55:53,004 DEBUG (ClockThread): Received DateTimeEvent. Repainting.
2015-06-05 10:55:54,097 DEBUG (ClockThread): Received DateTimeEvent. Repainting.
2015-06-05 10:55:55,081 DEBUG (ClockThread): Received DateTimeEvent. Repainting.
2015-06-05 10:55:56,067 DEBUG (ClockThread): Received DateTimeEvent. Repainting.
2015-06-05 10:55:57,050 DEBUG (ClockThread): Received DateTimeEvent. Repainting.
2015-06-05 10:55:58,033 DEBUG (ClockThread): Received DateTimeEvent. Repainting.
2015-06-05 10:55:59,017 DEBUG (ClockThread): Received DateTimeEvent. Repainting.
2015-06-05 10:56:00,000 DEBUG (ClockThread): Received DateTimeEvent. Repainting.
2015-06-05 10:56:01,093 DEBUG (ClockThread): Received DateTimeEvent. Repainting.
2015-06-05 10:56:02,077 DEBUG (ClockThread): Received DateTimeEvent. Repainting.
2015-06-05 10:56:03,059 DEBUG (ClockThread): Received DateTimeEvent. Repainting.
2015-06-05 10:56:04,043 DEBUG (ClockThread): Received DateTimeEvent. Repainting.
2015-06-05 10:56:05,027 DEBUG (ClockThread): Received DateTimeEvent. Repainting.
2015-06-05 10:56:06,013 DEBUG (ClockThread): Received DateTimeEvent. Repainting.
2015-06-05 10:56:07,105 DEBUG (ClockThread): Received DateTimeEvent. Repainting.
2015-06-05 10:56:08,089 DEBUG (ClockThread): Received DateTimeEvent. Repainting.
2015-06-05 10:56:09,071 DEBUG (ClockThread): Received DateTimeEvent. Repainting.
2015-06-05 10:56:10,055 DEBUG (ClockThread): Received DateTimeEvent. Repainting.
2015-06-05 10:56:11,038 DEBUG (ClockThread): Received DateTimeEvent. Repainting.
2015-06-05 10:56:12,022 DEBUG (ClockThread): Received DateTimeEvent. Repainting.
2015-06-05 10:56:13,005 DEBUG (ClockThread): Received DateTimeEvent. Repainting.
2015-06-05 10:56:14,098 DEBUG (ClockThread): Received DateTimeEvent. Repainting.
2015-06-05 10:56:15,081 DEBUG (ClockThread): Received DateTimeEvent. Repainting.
2015-06-05 10:56:16,064 DEBUG (ClockThread): Received DateTimeEvent. Repainting.
2015-06-05 10:56:17,048 DEBUG (ClockThread): Received DateTimeEvent. Repainting.
2015-06-05 10:56:18,031 DEBUG (ClockThread): Received DateTimeEvent. Repainting.
2015-06-05 10:56:19,015 DEBUG (ClockThread): Received DateTimeEvent. Repainting.
2015-06-05 10:56:20,107 DEBUG (ClockThread): Received DateTimeEvent. Repainting.
2015-06-05 10:56:21,090 DEBUG (ClockThread): Received DateTimeEvent. Repainting.
2015-06-05 10:56:22,073 DEBUG (ClockThread): Received DateTimeEvent. Repainting.
2015-06-05 10:56:23,057 DEBUG (ClockThread): Received DateTimeEvent. Repainting.
2015-06-05 10:56:24,040 DEBUG (ClockThread): Received DateTimeEvent. Repainting.
2015-06-05 10:56:25,024 DEBUG (ClockThread): Received DateTimeEvent. Repainting.
2015-06-05 10:56:26,006 DEBUG (ClockThread): Received DateTimeEvent. Repainting.
2015-06-05 10:56:27,099 DEBUG (ClockThread): Received DateTimeEvent. Repainting.
2015-06-05 10:56:28,085 DEBUG (ClockThread): Received DateTimeEvent. Repainting.
2015-06-05 10:56:29,068 DEBUG (ClockThread): Received DateTimeEvent. Repainting.
2015-06-05 10:56:30,053 DEBUG (ClockThread): Received DateTimeEvent. Repainting.
2015-06-05 10:56:31,036 DEBUG (ClockThread): Received DateTimeEvent. Repainting.
2015-06-05 10:56:32,019 DEBUG (ClockThread): Received DateTimeEvent. Repainting.
2015-06-05 10:56:33,002 DEBUG (ClockThread): Received DateTimeEvent. Repainting.
2015-06-05 10:56:34,095 DEBUG (ClockThread): Received DateTimeEvent. Repainting.
2015-06-05 10:56:35,079 DEBUG (ClockThread): Received DateTimeEvent. Repainting.
2015-06-05 10:56:36,062 DEBUG (ClockThread): Received DateTimeEvent. Repainting.
2015-06-05 10:56:37,046 DEBUG (ClockThread): Received DateTimeEvent. Repainting.
2015-06-05 10:56:38,028 DEBUG (ClockThread): Received DateTimeEvent. Repainting.
2015-06-05 10:56:39,012 DEBUG (ClockThread): Received DateTimeEvent. Repainting.
2015-06-05 10:56:40,106 DEBUG (ClockThread): Received DateTimeEvent. Repainting.
2015-06-05 10:56:41,090 DEBUG (ClockThread): Received DateTimeEvent. Repainting.
2015-06-05 10:56:42,073 DEBUG (ClockThread): Received DateTimeEvent. Repainting.
2015-06-05 10:56:43,057 DEBUG (ClockThread): Received DateTimeEvent. Repainting.
2015-06-05 10:56:44,039 DEBUG (ClockThread): Received DateTimeEvent. Repainting.
2015-06-05 10:56:45,023 DEBUG (ClockThread): Received DateTimeEvent. Repainting.
2015-06-05 10:56:46,006 DEBUG (ClockThread): Received DateTimeEvent. Repainting.
2015-06-05 10:56:47,099 DEBUG (ClockThread): Received DateTimeEvent. Repainting.
2015-06-05 10:56:48,083 DEBUG (ClockThread): Received DateTimeEvent. Repainting.
2015-06-05 10:56:49,066 DEBUG (ClockThread): Received DateTimeEvent. Repainting.
2015-06-05 10:56:50,049 DEBUG (ClockThread): Received DateTimeEvent. Repainting.
2015-06-05 10:56:51,032 DEBUG (ClockThread): Received DateTimeEvent. Repainting.
2015-06-05 10:56:52,016 DEBUG (ClockThread): Received DateTimeEvent. Repainting.
2015-06-05 10:56:53,108 DEBUG (ClockThread): Received DateTimeEvent. Repainting.
2015-06-05 10:56:54,092 DEBUG (ClockThread): Received DateTimeEvent. Repainting.
2015-06-05 10:56:55,075 DEBUG (ClockThread): Received DateTimeEvent. Repainting.
2015-06-05 10:56:56,059 DEBUG (ClockThread): Received DateTimeEvent. Repainting.
2015-06-05 10:56:57,041 DEBUG (ClockThread): Received DateTimeEvent. Repainting.
2015-06-05 10:56:58,025 DEBUG (ClockThread): Received DateTimeEvent. Repainting.
2015-06-05 10:56:59,008 DEBUG (ClockThread): Received DateTimeEvent. Repainting.
2015-06-05 10:57:00,101 DEBUG (ClockThread): Received DateTimeEvent. Repainting.
2015-06-05 10:57:01,087 DEBUG (ClockThread): Received DateTimeEvent. Repainting.
2015-06-05 10:57:02,070 DEBUG (ClockThread): Received DateTimeEvent. Repainting.
2015-06-05 10:57:03,053 DEBUG (ClockThread): Received DateTimeEvent. Repainting.
2015-06-05 10:57:04,036 DEBUG (ClockThread): Received DateTimeEvent. Repainting.
2015-06-05 10:57:05,020 DEBUG (ClockThread): Received DateTimeEvent. Repainting.
2015-06-05 10:57:06,003 DEBUG (ClockThread): Received DateTimeEvent. Repainting.
2015-06-05 10:57:07,096 DEBUG (ClockThread): Received DateTimeEvent. Repainting.
2015-06-05 10:57:08,080 DEBUG (ClockThread): Received DateTimeEvent. Repainting.
2015-06-05 10:57:09,062 DEBUG (ClockThread): Received DateTimeEvent. Repainting.
2015-06-05 10:57:10,046 DEBUG (ClockThread): Received DateTimeEvent. Repainting.
2015-06-05 10:57:11,029 DEBUG (ClockThread): Received DateTimeEvent. Repainting.
2015-06-05 10:57:12,013 DEBUG (ClockThread): Received DateTimeEvent. Repainting.
2015-06-05 10:57:13,105 DEBUG (ClockThread): Received DateTimeEvent. Repainting.
2015-06-05 10:57:14,091 DEBUG (ClockThread): Received DateTimeEvent. Repainting.
2015-06-05 10:57:15,073 DEBUG (ClockThread): Received DateTimeEvent. Repainting.
2015-06-05 10:57:16,059 DEBUG (ClockThread): Received DateTimeEvent. Repainting.
2015-06-05 10:57:17,042 DEBUG (ClockThread): Received DateTimeEvent. Repainting.
2015-06-05 10:57:18,026 DEBUG (ClockThread): Received DateTimeEvent. Repainting.
2015-06-05 10:57:19,009 DEBUG (ClockThread): Received DateTimeEvent. Repainting.
2015-06-05 10:57:20,102 DEBUG (ClockThread): Received DateTimeEvent. Repainting.
2015-06-05 10:57:21,085 DEBUG (ClockThread): Received DateTimeEvent. Repainting.
2015-06-05 10:57:22,068 DEBUG (ClockThread): Received DateTimeEvent. Repainting.
2015-06-05 10:57:23,052 DEBUG (ClockThread): Received DateTimeEvent. Repainting.
2015-06-05 10:57:24,035 DEBUG (ClockThread): Received DateTimeEvent. Repainting.
2015-06-05 11:14:11,358 DEBUG (ClockThread): Received DateTimeEvent. Repainting.
2015-06-05 11:14:12,013 DEBUG (ClockThread): Received DateTimeEvent. Repainting.
2015-06-05 11:14:13,106 DEBUG (ClockThread): Received DateTimeEvent. Repainting.
2015-06-05 11:14:14,090 DEBUG (ClockThread): Received DateTimeEvent. Repainting.
2015-06-05 11:14:15,072 DEBUG (ClockThread): Received DateTimeEvent. Repainting.
2015-06-05 11:14:16,056 DEBUG (ClockThread): Received DateTimeEvent. Repainting.
2015-06-05 11:14:17,039 DEBUG (ClockThread): Received DateTimeEvent. Repainting.
2015-06-05 11:14:18,023 DEBUG (ClockThread): Received DateTimeEvent. Repainting.
2015-06-05 11:14:19,006 DEBUG (ClockThread): Received DateTimeEvent. Repainting.
2015-06-05 11:14:20,099 DEBUG (ClockThread): Received DateTimeEvent. Repainting.
2015-06-05 11:14:21,084 DEBUG (ClockThread): Received DateTimeEvent. Repainting.
2015-06-05 11:15:13,531 DEBUG (ClockThread): Received DateTimeEvent. Repainting.
2015-06-05 11:15:14,077 DEBUG (ClockThread): Received DateTimeEvent. Repainting.
2015-06-05 11:15:15,061 DEBUG (ClockThread): Received DateTimeEvent. Repainting.
2015-06-05 11:15:16,044 DEBUG (ClockThread): Received DateTimeEvent. Repainting.
2015-06-05 11:15:17,027 DEBUG (ClockThread): Received DateTimeEvent. Repainting.
2015-06-05 11:15:18,010 DEBUG (ClockThread): Received DateTimeEvent. Repainting.
2015-06-05 11:15:19,103 DEBUG (ClockThread): Received DateTimeEvent. Repainting.
2015-06-05 11:15:20,087 DEBUG (ClockThread): Received DateTimeEvent. Repainting.
2015-06-05 11:15:21,070 DEBUG (ClockThread): Received DateTimeEvent. Repainting.
2015-06-05 11:15:22,054 DEBUG (ClockThread): Received DateTimeEvent. Repainting.
2015-06-05 11:15:23,038 DEBUG (ClockThread): Received DateTimeEvent. Repainting.
2015-06-05 11:16:30,824 DEBUG (ClockThread): Received DateTimeEvent. Repainting.
2015-06-05 11:16:31,042 DEBUG (ClockThread): Received DateTimeEvent. Repainting.
2015-06-05 11:16:32,026 DEBUG (ClockThread): Received DateTimeEvent. Repainting.
2015-06-05 11:16:33,009 DEBUG (ClockThread): Received DateTimeEvent. Repainting.
2015-06-05 11:16:34,102 DEBUG (ClockThread): Received DateTimeEvent. Repainting.
2015-06-05 11:16:35,086 DEBUG (ClockThread): Received DateTimeEvent. Repainting.
2015-06-05 11:17:12,456 DEBUG (ClockThread): Received DateTimeEvent. Repainting.
2015-06-05 11:17:13,002 DEBUG (ClockThread): Received DateTimeEvent. Repainting.
2015-06-05 11:17:14,095 DEBUG (ClockThread): Received DateTimeEvent. Repainting.
2015-06-05 11:17:15,078 DEBUG (ClockThread): Received DateTimeEvent. Repainting.
2015-06-05 11:17:16,061 DEBUG (ClockThread): Received DateTimeEvent. Repainting.
2015-06-05 11:17:17,045 DEBUG (ClockThread): Received DateTimeEvent. Repainting.
2015-06-05 11:17:38,517 DEBUG (ClockThread): Received DateTimeEvent. Repainting.
2015-06-05 11:17:39,063 DEBUG (ClockThread): Received DateTimeEvent. Repainting.
2015-06-05 11:17:40,047 DEBUG (ClockThread): Received DateTimeEvent. Repainting.
2015-06-05 11:17:41,029 DEBUG (ClockThread): Received DateTimeEvent. Repainting.
2015-06-05 11:17:42,013 DEBUG (ClockThread): Received DateTimeEvent. Repainting.
2015-06-05 11:18:13,124 DEBUG (ClockThread): Received DateTimeEvent. Repainting.
2015-06-05 11:18:14,106 DEBUG (ClockThread): Received DateTimeEvent. Repainting.
2015-06-05 11:18:15,090 DEBUG (ClockThread): Received DateTimeEvent. Repainting.
2015-06-05 11:22:23,988 DEBUG (ClockThread): Received DateTimeEvent. Repainting.
2015-06-05 11:22:24,097 DEBUG (ClockThread): Received DateTimeEvent. Repainting.
2015-06-05 11:22:25,073 DEBUG (ClockThread): Received DateTimeEvent. Repainting.
2015-06-05 11:22:26,056 DEBUG (ClockThread): Received DateTimeEvent. Repainting.
2015-06-05 11:22:27,039 DEBUG (ClockThread): Received DateTimeEvent. Repainting.
2015-06-05 11:22:28,022 DEBUG (ClockThread): Received DateTimeEvent. Repainting.
2015-06-05 11:22:29,006 DEBUG (ClockThread): Received DateTimeEvent. Repainting.
